<?xml version="1.0" encoding="UTF-8"?>
<testng-results ignored="0" total="1" passed="1" failed="0" skipped="0">
  <reporter-output>
  </reporter-output>
  <suite started-at="2021-12-10T12:58:51 IST" name="Default suite" finished-at="2021-12-10T12:59:01 IST" duration-ms="9394">
    <groups>
    </groups>
    <test started-at="2021-12-10T12:58:51 IST" name="Default test" finished-at="2021-12-10T12:59:01 IST" duration-ms="9394">
      <class name="maven.pin_code">
        <test-method is-config="true" signature="report()[pri:0, instance:maven.pin_code@1151e434]" started-at="2021-12-10T12:58:51 IST" name="report" finished-at="2021-12-10T12:58:51 IST" duration-ms="207" status="PASS">
          <reporter-output>
          </reporter-output>
        </test-method> <!-- report -->
        <test-method signature="search()[pri:0, instance:maven.pin_code@1151e434]" started-at="2021-12-10T12:58:51 IST" name="search" finished-at="2021-12-10T12:59:00 IST" duration-ms="8846" status="PASS">
          <reporter-output>
          </reporter-output>
        </test-method> <!-- search -->
        <test-method is-config="true" signature="reports()[pri:0, instance:maven.pin_code@1151e434]" started-at="2021-12-10T12:59:00 IST" name="reports" finished-at="2021-12-10T12:59:01 IST" duration-ms="309" status="PASS">
          <reporter-output>
          </reporter-output>
        </test-method> <!-- reports -->
      </class> <!-- maven.pin_code -->
    </test> <!-- Default test -->
  </suite> <!-- Default suite -->
</testng-results>
